<?xml version="1.0" encoding="UTF-8"?>
<!-- Generated by org.testng.reporters.JUnitReportReporter -->
<testsuite hostname="Chid" failures="0" tests="5" name="swag.qa.testclasses.LoginPageTest" time="7.395" errors="0" timestamp="14 Aug 2022 05:35:07 GMT" skipped="0">
  <testcase classname="swag.qa.testclasses.LoginPageTest" name="validateTitleTest" time="1.045"/>
  <testcase classname="swag.qa.testclasses.LoginPageTest" name="validateSwagLogoTest" time="1.273"/>
  <testcase classname="swag.qa.testclasses.LoginPageTest" name="validateBotTest" time="1.222"/>
  <testcase classname="swag.qa.testclasses.LoginPageTest" name="validatePasswordHint" time="2.476"/>
  <testcase classname="swag.qa.testclasses.LoginPageTest" name="validateLoginTest" time="1.379"/>
</testsuite> <!-- swag.qa.testclasses.LoginPageTest -->
